<?xml version="1.0" encoding="utf-8"?><testsuites name="pytest tests"><testsuite name="pytest" errors="0" failures="0" skipped="0" tests="9" time="4.190" timestamp="2026-08-18T04:33:05.282738+00:00" hostname="agent-env-9d234b50-8876-40d6-8e42-1ad93a14ba91"><testcase classname="backend.tests.test_calibration_and_goal_cadence.TestCalibration" name="test_01_calibration_endpoint_shape" time="0.502" /><testcase classname="backend.tests.test_calibration_and_goal_cadence.TestCalibration" name="test_02_decision_assessment_safe_no_calibration" time="0.137" /><testcase classname="backend.tests.test_calibration_and_goal_cadence.TestCalibration" name="test_03_seed_four_vindicated_overrides_and_softening" time="1.517" /><testcase classname="backend.tests.test_calibration_and_goal_cadence.TestCalibration" name="test_04_manual_outcome_endpoint" time="0.346" /><testcase classname="backend.tests.test_calibration_and_goal_cadence.TestCalibration" name="test_05_invalid_outcome_returns_400" time="0.199" /><testcase classname="backend.tests.test_calibration_and_goal_cadence.TestGoalCadence" name="test_06_create_goal_quarterly_with_anchor" time="0.206" /><testcase classname="backend.tests.test_calibration_and_goal_cadence.TestGoalCadence" name="test_07_put_goal_change_cadence" time="0.196" /><testcase classname="backend.tests.test_calibration_and_goal_cadence.TestGoalCadence" name="test_08_invalid_cadence_and_date_return_400" time="0.127" /><testcase classname="backend.tests.test_calibration_and_goal_cadence.TestGoalCadence" name="test_09_fortnightly_required_checkin_period" time="0.880" /></testsuite></testsuites>