<?xml version="1.0" encoding="utf-8"?><testsuites name="pytest tests"><testsuite name="pytest" errors="0" failures="0" skipped="0" tests="9" time="5.976" timestamp="2026-07-15T12:52:41.902962+00:00" hostname="agent-env-9d234b50-8876-40d6-8e42-1ad93a14ba91"><testcase classname="backend.tests.test_checkin_search.TestUserIsolation" name="test_user_a_never_sees_user_bs_row" time="1.886" /><testcase classname="backend.tests.test_checkin_search.TestCaseInsensitivity" name="test_all_case_variants_return_same_row" time="0.335" /><testcase classname="backend.tests.test_checkin_search.TestMatchOnNotes" name="test_notes_match_and_nonsense_returns_empty" time="0.448" /><testcase classname="backend.tests.test_checkin_search.TestSubstringMatch" name="test_orn_matches_morningrun_and_akfa_matches_breakfast" time="0.293" /><testcase classname="backend.tests.test_checkin_search.TestRegexMetacharsLiteral" name="test_dot_and_dollar_treated_literally" time="0.303" /><testcase classname="backend.tests.test_checkin_search.TestGoalIdCombined" name="test_goal_id_scopes_search_results" time="1.147" /><testcase classname="backend.tests.test_checkin_search.TestSortOrder" name="test_results_are_date_time_desc" time="1.049" /><testcase classname="backend.tests.test_checkin_search.TestEmptyQuery" name="test_empty_q_returns_all" time="0.289" /><testcase classname="backend.tests.test_checkin_search.TestRegressionListNoQuery" name="test_no_q_returns_all_user_rows_sorted_desc" time="0.109" /></testsuite></testsuites>