<?xml version="1.0" encoding="utf-8"?><testsuites name="pytest tests"><testsuite name="pytest" errors="0" failures="0" skipped="0" tests="30" time="27.663" timestamp="2026-07-14T05:28:42.819198+00:00" hostname="agent-env-9d234b50-8876-40d6-8e42-1ad93a14ba91"><testcase classname="backend.tests.test_defer_spending_money.TestDeferHappyPath" name="test_three_defers_ok_fourth_count_capped" time="1.284" /><testcase classname="backend.tests.test_defer_spending_money.TestDeferHappyPath" name="test_persistence_via_get" time="0.826" /><testcase classname="backend.tests.test_defer_spending_money.TestDeferDayCap" name="test_day_cap_boundary_pass_and_fail" time="0.912" /><testcase classname="backend.tests.test_defer_spending_money.TestDeferNoDueDate" name="test_no_due_date_baseline_is_today" time="0.729" /><testcase classname="backend.tests.test_defer_spending_money.TestDeferNoDueDate" name="test_no_due_date_beyond_14_fails" time="0.866" /><testcase classname="backend.tests.test_defer_spending_money.TestDeferInvalidDates" name="test_past_date_400" time="0.775" /><testcase classname="backend.tests.test_defer_spending_money.TestDeferInvalidDates" name="test_same_day_400" time="0.726" /><testcase classname="backend.tests.test_defer_spending_money.TestDeferInvalidDates" name="test_malformed_date_400" time="0.732" /><testcase classname="backend.tests.test_defer_spending_money.TestDeferDoneTask" name="test_defer_done_task_400" time="0.829" /><testcase classname="backend.tests.test_defer_spending_money.TestDeferDoneTask" name="test_defer_nonexistent_404" time="0.646" /><testcase classname="backend.tests.test_defer_spending_money.TestIncludeCompletedFilter" name="test_default_and_false" time="1.138" /><testcase classname="backend.tests.test_defer_spending_money.TestCheckinTaskUpdate" name="test_checkin_without_complete_task_bumps_updated_at" time="1.277" /><testcase classname="backend.tests.test_defer_spending_money.TestCheckinTaskUpdate" name="test_checkin_with_complete_task_flips_done" time="1.168" /><testcase classname="backend.tests.test_defer_spending_money.TestCheckinTaskUpdate" name="test_task_from_different_eo_400" time="1.174" /><testcase classname="backend.tests.test_defer_spending_money.TestCheckinMoney" name="test_money_spent_ok" time="0.828" /><testcase classname="backend.tests.test_defer_spending_money.TestCheckinMoney" name="test_money_spent_numeric_zero_ok" time="0.706" /><testcase classname="backend.tests.test_defer_spending_money.TestCheckinMoney" name="test_money_spent_nan_400" time="0.700" /><testcase classname="backend.tests.test_defer_spending_money.TestCheckinMoney" name="test_money_spent_negative_400" time="0.741" /><testcase classname="backend.tests.test_defer_spending_money.TestCheckinMoney" name="test_money_spent_infinity_400" time="0.703" /><testcase classname="backend.tests.test_defer_spending_money.TestCheckinMoney" name="test_money_spent_without_currency_400" time="0.698" /><testcase classname="backend.tests.test_defer_spending_money.TestCheckinMoney" name="test_money_spent_bad_currency_400" time="0.705" /><testcase classname="backend.tests.test_defer_spending_money.TestCheckinMoney" name="test_money_omitted_ok" time="0.715" /><testcase classname="backend.tests.test_defer_spending_money.TestMoneyPositionActualSpending" name="test_actual_spending_deducted" time="1.251" /><testcase classname="backend.tests.test_defer_spending_money.TestMoneyPositionActualSpending" name="test_actual_spending_isolated_by_currency" time="0.989" /><testcase classname="backend.tests.test_defer_spending_money.TestMoneyPositionActualSpending" name="test_actual_spending_isolated_by_month" time="0.848" /><testcase classname="backend.tests.test_defer_spending_money.TestSpendingEndpoint" name="test_grouped_by_currency_and_sorted" time="1.375" /><testcase classname="backend.tests.test_defer_spending_money.TestSpendingEndpoint" name="test_missing_date_param" time="0.721" /><testcase classname="backend.tests.test_defer_spending_money.TestSpendingEndpoint" name="test_malformed_date_400" time="0.837" /><testcase classname="backend.tests.test_defer_spending_money.TestSpendingEndpoint" name="test_no_spending_returns_empty_groups" time="0.699" /><testcase classname="backend.tests.test_defer_spending_money.TestRegression" name="test_domains_goals_tasks_checkins_journeys" time="1.949" /></testsuite></testsuites>