<?xml version="1.0" encoding="utf-8"?><testsuites name="pytest tests"><testsuite name="pytest" errors="0" failures="0" skipped="0" tests="17" time="7.074" timestamp="2026-07-08T08:55:07.000380+00:00" hostname="agent-env-9d234b50-8876-40d6-8e42-1ad93a14ba91"><testcase classname="backend.tests.test_domains_goals.TestDomains" name="test_default_seed_on_first_get" time="0.905" /><testcase classname="backend.tests.test_domains_goals.TestDomains" name="test_seed_is_idempotent" time="0.237" /><testcase classname="backend.tests.test_domains_goals.TestDomains" name="test_seed_for_returning_user" time="0.480" /><testcase classname="backend.tests.test_domains_goals.TestDomains" name="test_create_custom_domain" time="0.187" /><testcase classname="backend.tests.test_domains_goals.TestDomains" name="test_create_duplicate_case_insensitive_400" time="0.262" /><testcase classname="backend.tests.test_domains_goals.TestDomains" name="test_update_domain_name" time="0.343" /><testcase classname="backend.tests.test_domains_goals.TestDomains" name="test_update_domain_name_conflict_400" time="0.296" /><testcase classname="backend.tests.test_domains_goals.TestDomains" name="test_delete_domain_success" time="0.303" /><testcase classname="backend.tests.test_domains_goals.TestDomains" name="test_delete_domain_with_linked_goal_400" time="0.557" /><testcase classname="backend.tests.test_domains_goals.TestDomains" name="test_delete_domain_not_owned_404" time="0.729" /><testcase classname="backend.tests.test_domains_goals.TestGoals" name="test_create_goal_valid" time="0.291" /><testcase classname="backend.tests.test_domains_goals.TestGoals" name="test_create_goal_invalid_domain_400" time="0.092" /><testcase classname="backend.tests.test_domains_goals.TestGoals" name="test_create_goal_invalid_status_400" time="0.185" /><testcase classname="backend.tests.test_domains_goals.TestGoals" name="test_list_only_own_goals_and_domain_name" time="0.401" /><testcase classname="backend.tests.test_domains_goals.TestGoals" name="test_cross_user_get_returns_404" time="0.558" /><testcase classname="backend.tests.test_domains_goals.TestGoals" name="test_status_transitions_persist" time="0.795" /><testcase classname="backend.tests.test_domains_goals.TestGoals" name="test_delete_goal" time="0.380" /></testsuite></testsuites>