<?xml version="1.0" encoding="utf-8"?><testsuites name="pytest tests"><testsuite name="pytest" errors="0" failures="0" skipped="0" tests="5" time="2.748" timestamp="2026-07-08T08:42:05.855205+00:00" hostname="agent-env-9d234b50-8876-40d6-8e42-1ad93a14ba91"><testcase classname="backend.tests.test_event_delete.TestEventDelete" name="test_delete_own_event_success" time="1.081" /><testcase classname="backend.tests.test_event_delete.TestEventDelete" name="test_delete_without_auth_returns_401" time="0.450" /><testcase classname="backend.tests.test_event_delete.TestEventDelete" name="test_delete_other_users_event_returns_404_and_isolation" time="0.927" /><testcase classname="backend.tests.test_event_delete.TestEventDelete" name="test_delete_nonexistent_returns_404" time="0.097" /><testcase classname="backend.tests.test_event_delete.TestEventDelete" name="test_delete_with_bad_token_returns_401" time="0.093" /></testsuite></testsuites>