<?xml version="1.0" encoding="utf-8"?><testsuites name="pytest tests"><testsuite name="pytest" errors="0" failures="0" skipped="0" tests="17" time="2.838" timestamp="2026-08-12T04:38:16.801140+00:00" hostname="agent-env-9d234b50-8876-40d6-8e42-1ad93a14ba91"><testcase classname="backend.tests.test_finance_cleanup_smoke" name="test_removed_endpoint_returns_404_or_405[GET-/api/finance/reserved-None]" time="0.724" /><testcase classname="backend.tests.test_finance_cleanup_smoke" name="test_removed_endpoint_returns_404_or_405[GET-/api/finance/available-liquidity-None]" time="0.147" /><testcase classname="backend.tests.test_finance_cleanup_smoke" name="test_removed_endpoint_returns_404_or_405[POST-/api/finance/scenarios-body2]" time="0.107" /><testcase classname="backend.tests.test_finance_cleanup_smoke" name="test_removed_endpoint_returns_404_or_405[GET-/api/finance/overrides-None]" time="0.138" /><testcase classname="backend.tests.test_finance_cleanup_smoke" name="test_removed_endpoint_returns_404_or_405[POST-/api/finance/shared-expenses/i-owe-body4]" time="0.099" /><testcase classname="backend.tests.test_finance_cleanup_smoke" name="test_removed_endpoint_returns_404_or_405[POST-/api/finance/shared-expenses/i-paid-body5]" time="0.098" /><testcase classname="backend.tests.test_finance_cleanup_smoke" name="test_dashboard" time="0.205" /><testcase classname="backend.tests.test_finance_cleanup_smoke" name="test_position" time="0.134" /><testcase classname="backend.tests.test_finance_cleanup_smoke" name="test_forecast" time="0.099" /><testcase classname="backend.tests.test_finance_cleanup_smoke" name="test_forecasts_twin" time="0.166" /><testcase classname="backend.tests.test_finance_cleanup_smoke" name="test_reconciliation_suggestions" time="0.101" /><testcase classname="backend.tests.test_finance_cleanup_smoke" name="test_commitments_due_for_review" time="0.107" /><testcase classname="backend.tests.test_finance_cleanup_smoke" name="test_expected_income" time="0.103" /><testcase classname="backend.tests.test_finance_cleanup_smoke" name="test_scenarios_list" time="0.104" /><testcase classname="backend.tests.test_finance_cleanup_smoke" name="test_decision_assessment" time="0.130" /><testcase classname="backend.tests.test_finance_cleanup_smoke" name="test_overrides_post_exists" time="0.100" /><testcase classname="backend.tests.test_finance_cleanup_smoke" name="test_rebalance_candidates" time="0.106" /></testsuite></testsuites>