<?xml version="1.0" encoding="utf-8"?><testsuites name="pytest tests"><testsuite name="pytest" errors="0" failures="0" skipped="0" tests="16" time="1.624" timestamp="2026-07-08T06:50:30.796351+00:00" hostname="agent-env-9d234b50-8876-40d6-8e42-1ad93a14ba91"><testcase classname="tests.test_google_auth.TestGoogleSessionValidation" name="test_invalid_session_token_returns_401" time="0.407" /><testcase classname="tests.test_google_auth.TestGoogleSessionValidation" name="test_empty_session_token_returns_400" time="0.043" /><testcase classname="tests.test_google_auth.TestGoogleSessionValidation" name="test_whitespace_session_token_returns_400" time="0.041" /><testcase classname="tests.test_google_auth.TestGoogleSessionValidation" name="test_missing_session_token_field_returns_422" time="0.043" /><testcase classname="tests.test_google_auth.TestEmailPasswordRegression" name="test_signup_and_me" time="0.578" /><testcase classname="tests.test_google_auth.TestEmailPasswordRegression" name="test_events_with_jwt" time="0.047" /><testcase classname="tests.test_google_auth.TestSimulatedGoogleSession" name="test_setup_google_user_and_session" time="0.005" /><testcase classname="tests.test_google_auth.TestSimulatedGoogleSession" name="test_me_with_session_token" time="0.042" /><testcase classname="tests.test_google_auth.TestSimulatedGoogleSession" name="test_create_event_with_session_token" time="0.043" /><testcase classname="tests.test_google_auth.TestSimulatedGoogleSession" name="test_list_events_with_session_token" time="0.044" /><testcase classname="tests.test_google_auth.TestSimulatedGoogleSession" name="test_logout_deletes_session_row" time="0.093" /><testcase classname="tests.test_google_auth.TestSimulatedGoogleSession" name="test_me_after_logout_returns_401" time="0.041" /><testcase classname="tests.test_google_auth.TestSimulatedGoogleSession" name="test_cleanup" time="0.002" /><testcase classname="tests.test_google_auth.TestStartupIndexes" name="test_users_email_unique" time="0.001" /><testcase classname="tests.test_google_auth.TestStartupIndexes" name="test_user_sessions_session_token_unique" time="0.000" /><testcase classname="tests.test_google_auth.TestStartupIndexes" name="test_user_sessions_ttl_on_expires_at" time="0.001" /></testsuite></testsuites>