<?xml version="1.0" encoding="utf-8"?><testsuites name="pytest tests"><testsuite name="pytest" errors="0" failures="0" skipped="0" tests="25" time="9.445" timestamp="2026-07-10T14:04:36.074158+00:00" hostname="agent-env-9d234b50-8876-40d6-8e42-1ad93a14ba91"><testcase classname="backend.tests.test_knowledge_refactor.TestLearningJourneysRemoved" name="test_collection_verbs_are_gone" time="1.363" /><testcase classname="backend.tests.test_knowledge_refactor.TestLearningJourneysRemoved" name="test_item_verbs_are_gone" time="0.390" /><testcase classname="backend.tests.test_knowledge_refactor.TestKnowledgeWizardHappyPath" name="test_knowledge_domain_present" time="0.159" /><testcase classname="backend.tests.test_knowledge_refactor.TestKnowledgeWizardHappyPath" name="test_create_journey_full_body" time="0.170" /><testcase classname="backend.tests.test_knowledge_refactor.TestKnowledgeWizardHappyPath" name="test_list_returns_new_journey" time="0.145" /><testcase classname="backend.tests.test_knowledge_refactor.TestKnowledgeWizardHappyPath" name="test_get_goal_returns_same" time="0.117" /><testcase classname="backend.tests.test_knowledge_refactor.TestKnowledgeWizardHappyPath" name="test_expected_outcome_created" time="0.103" /><testcase classname="backend.tests.test_knowledge_refactor.TestKnowledgeWizardHappyPath" name="test_task_with_goal_filter" time="0.102" /><testcase classname="backend.tests.test_knowledge_refactor.TestKnowledgeWizardHappyPath" name="test_task_without_filter_contains_task" time="0.098" /><testcase classname="backend.tests.test_knowledge_refactor.TestKnowledgeWizardHappyPath" name="test_checkins_with_goal_filter_empty" time="0.107" /><testcase classname="backend.tests.test_knowledge_refactor.TestKnowledgeWizardRejections" name="test_reject[missing_why-expected_codes0]" time="0.302" /><testcase classname="backend.tests.test_knowledge_refactor.TestKnowledgeWizardRejections" name="test_reject[missing_title-expected_codes1]" time="0.308" /><testcase classname="backend.tests.test_knowledge_refactor.TestKnowledgeWizardRejections" name="test_reject[missing_outcome_title-expected_codes2]" time="0.298" /><testcase classname="backend.tests.test_knowledge_refactor.TestKnowledgeWizardRejections" name="test_reject[missing_task_title-expected_codes3]" time="0.296" /><testcase classname="backend.tests.test_knowledge_refactor.TestKnowledgeWizardRejections" name="test_reject[missing_cadence-expected_codes4]" time="0.432" /><testcase classname="backend.tests.test_knowledge_refactor.TestKnowledgeWizardRejections" name="test_reject[bad_cadence-expected_codes5]" time="0.309" /><testcase classname="backend.tests.test_knowledge_refactor.TestKnowledgeWizardRejections" name="test_reject[bad_outcome_type-expected_codes6]" time="0.348" /><testcase classname="backend.tests.test_knowledge_refactor.TestKnowledgeWizardRejections" name="test_reject[bad_priority-expected_codes7]" time="0.357" /><testcase classname="backend.tests.test_knowledge_refactor.TestGoalCadence" name="test_create_and_update" time="0.727" /><testcase classname="backend.tests.test_knowledge_refactor.TestIdempotentSeeding" name="test_existing_user_has_knowledge" time="0.467" /><testcase classname="backend.tests.test_knowledge_refactor.TestRegression" name="test_auth_me" time="0.095" /><testcase classname="backend.tests.test_knowledge_refactor.TestRegression" name="test_outcome_types" time="0.143" /><testcase classname="backend.tests.test_knowledge_refactor.TestRegression" name="test_project_full_crud" time="0.547" /><testcase classname="backend.tests.test_knowledge_refactor.TestRegression" name="test_domain_and_goal_and_eo_and_task_and_checkin_flow" time="1.154" /><testcase classname="backend.tests.test_knowledge_refactor.TestIsolation" name="test_other_users_journeys_not_leaked" time="0.765" /></testsuite></testsuites>