<?xml version="1.0" encoding="utf-8"?><testsuites name="pytest tests"><testsuite name="pytest" errors="0" failures="0" skipped="0" tests="46" time="52.057" timestamp="2026-07-11T07:06:05.906467+00:00" hostname="agent-env-9d234b50-8876-40d6-8e42-1ad93a14ba91"><testcase classname="backend.tests.test_knowledge_hierarchy.TestWizardHappyPath" name="test_full_body_creates_atomic" time="0.718" /><testcase classname="backend.tests.test_knowledge_hierarchy.TestWizardHappyPath" name="test_journey_get_returns_journey" time="0.108" /><testcase classname="backend.tests.test_knowledge_hierarchy.TestWizardHappyPath" name="test_stages_persisted" time="0.112" /><testcase classname="backend.tests.test_knowledge_hierarchy.TestWizardHappyPath" name="test_first_eo_persisted" time="0.101" /><testcase classname="backend.tests.test_knowledge_hierarchy.TestWizardHappyPath" name="test_first_task_persisted" time="0.090" /><testcase classname="backend.tests.test_knowledge_hierarchy.TestWizardHappyPath" name="test_no_stages_variant" time="0.190" /><testcase classname="backend.tests.test_knowledge_hierarchy.TestWizardRejections" name="test_rejection_leaks_nothing[bad_journey_type-codes0]" time="0.694" /><testcase classname="backend.tests.test_knowledge_hierarchy.TestWizardRejections" name="test_rejection_leaks_nothing[has_stages_empty_list-codes1]" time="0.853" /><testcase classname="backend.tests.test_knowledge_hierarchy.TestWizardRejections" name="test_rejection_leaks_nothing[missing_why-codes2]" time="0.688" /><testcase classname="backend.tests.test_knowledge_hierarchy.TestWizardRejections" name="test_rejection_leaks_nothing[missing_title-codes3]" time="0.666" /><testcase classname="backend.tests.test_knowledge_hierarchy.TestWizardRejections" name="test_rejection_leaks_nothing[missing_outcome_title-codes4]" time="0.659" /><testcase classname="backend.tests.test_knowledge_hierarchy.TestWizardRejections" name="test_rejection_leaks_nothing[missing_task_title-codes5]" time="0.706" /><testcase classname="backend.tests.test_knowledge_hierarchy.TestWizardRejections" name="test_rejection_leaks_nothing[missing_cadence-codes6]" time="0.673" /><testcase classname="backend.tests.test_knowledge_hierarchy.TestWizardRejections" name="test_rejection_leaks_nothing[bad_cadence-codes7]" time="0.656" /><testcase classname="backend.tests.test_knowledge_hierarchy.TestWizardRejections" name="test_rejection_leaks_nothing[bad_outcome_type-codes8]" time="0.668" /><testcase classname="backend.tests.test_knowledge_hierarchy.TestWizardRejections" name="test_rejection_leaks_nothing[bad_priority-codes9]" time="0.685" /><testcase classname="backend.tests.test_knowledge_hierarchy.TestStageCRUD" name="test_create_stage" time="0.098" /><testcase classname="backend.tests.test_knowledge_hierarchy.TestStageCRUD" name="test_stage_rename" time="0.094" /><testcase classname="backend.tests.test_knowledge_hierarchy.TestStageCRUD" name="test_move_up_then_down_swaps_sequence" time="0.490" /><testcase classname="backend.tests.test_knowledge_hierarchy.TestStageCRUD" name="test_move_past_end_is_noop" time="0.183" /><testcase classname="backend.tests.test_knowledge_hierarchy.TestStageCRUD" name="test_move_bad_direction" time="0.097" /><testcase classname="backend.tests.test_knowledge_hierarchy.TestStageCRUD" name="test_delete_stage_cascades" time="0.498" /><testcase classname="backend.tests.test_knowledge_hierarchy.TestComponentCRUD" name="test_create_top_level" time="0.099" /><testcase classname="backend.tests.test_knowledge_hierarchy.TestComponentCRUD" name="test_create_child_inherits_stage" time="0.103" /><testcase classname="backend.tests.test_knowledge_hierarchy.TestComponentCRUD" name="test_create_second_child_for_move" time="0.102" /><testcase classname="backend.tests.test_knowledge_hierarchy.TestComponentCRUD" name="test_update_status_progress" time="0.108" /><testcase classname="backend.tests.test_knowledge_hierarchy.TestComponentCRUD" name="test_update_invalid_status" time="0.156" /><testcase classname="backend.tests.test_knowledge_hierarchy.TestComponentCRUD" name="test_update_invalid_progress" time="0.095" /><testcase classname="backend.tests.test_knowledge_hierarchy.TestComponentCRUD" name="test_create_with_bad_stage_id" time="0.096" /><testcase classname="backend.tests.test_knowledge_hierarchy.TestComponentCRUD" name="test_create_with_bad_parent" time="0.091" /><testcase classname="backend.tests.test_knowledge_hierarchy.TestComponentCRUD" name="test_component_move_up_down" time="0.379" /><testcase classname="backend.tests.test_knowledge_hierarchy.TestTaskCheckinComponent" name="test_create_task_with_valid_component" time="0.191" /><testcase classname="backend.tests.test_knowledge_hierarchy.TestTaskCheckinComponent" name="test_create_task_with_bogus_component" time="0.189" /><testcase classname="backend.tests.test_knowledge_hierarchy.TestTaskCheckinComponent" name="test_create_checkin_with_valid_component" time="0.185" /><testcase classname="backend.tests.test_knowledge_hierarchy.TestTaskCheckinComponent" name="test_create_checkin_with_bogus_component" time="0.201" /><testcase classname="backend.tests.test_knowledge_hierarchy.TestTaskCheckinComponent" name="test_filter_tasks_by_component" time="0.190" /><testcase classname="backend.tests.test_knowledge_hierarchy.TestTaskCheckinComponent" name="test_filter_tasks_by_goal_or_component_union" time="36.251" /><testcase classname="backend.tests.test_knowledge_hierarchy.TestTaskCheckinComponent" name="test_filter_checkins_by_component" time="0.197" /><testcase classname="backend.tests.test_knowledge_hierarchy.TestComponentCascadeDetach" name="test_delete_parent_component_detaches_task_and_checkin" time="0.562" /><testcase classname="backend.tests.test_knowledge_hierarchy.TestLegacyBackfill" name="test_existing_user_all_knowledge_goals_have_journey" time="0.909" /><testcase classname="backend.tests.test_knowledge_hierarchy.TestJourneyDeleteCascade" name="test_delete_flat_journey_cleans_up" time="0.665" /><testcase classname="backend.tests.test_knowledge_hierarchy.TestRegressions" name="test_auth_me" time="0.086" /><testcase classname="backend.tests.test_knowledge_hierarchy.TestRegressions" name="test_domains_and_outcome_types" time="0.191" /><testcase classname="backend.tests.test_knowledge_hierarchy.TestRegressions" name="test_project_full_crud" time="0.282" /><testcase classname="backend.tests.test_knowledge_hierarchy.TestRegressions" name="test_task_without_component_id_still_works" time="0.194" /><testcase classname="backend.tests.test_knowledge_hierarchy.TestRegressions" name="test_user_isolation" time="0.737" /></testsuite></testsuites>