<?xml version="1.0" encoding="utf-8"?><testsuites name="pytest tests"><testsuite name="pytest" errors="1" failures="1" skipped="0" tests="19" time="3.201" timestamp="2026-07-10T03:37:52.120272+00:00" hostname="agent-env-9d234b50-8876-40d6-8e42-1ad93a14ba91"><testcase classname="backend.tests.test_learning_journeys.TestUnauthorized" name="test_get_list_unauth" time="0.257" /><testcase classname="backend.tests.test_learning_journeys.TestUnauthorized" name="test_post_unauth" time="0.102" /><testcase classname="backend.tests.test_learning_journeys.TestUnauthorized" name="test_put_unauth" time="0.133" /><testcase classname="backend.tests.test_learning_journeys.TestUnauthorized" name="test_delete_unauth" time="0.100" /><testcase classname="backend.tests.test_learning_journeys.TestCRUD" name="test_a_create" time="0.505" /><testcase classname="backend.tests.test_learning_journeys.TestCRUD" name="test_b_list_contains" time="0.101" /><testcase classname="backend.tests.test_learning_journeys.TestCRUD" name="test_c_get_by_id" time="0.100" /><testcase classname="backend.tests.test_learning_journeys.TestCRUD" name="test_d_update" time="0.293" /><testcase classname="backend.tests.test_learning_journeys.TestCRUD" name="test_e_invalid_status" time="0.144" /><testcase classname="backend.tests.test_learning_journeys.TestCRUD" name="test_f_delete_and_verify" time="0.216" /><testcase classname="backend.tests.test_learning_journeys.TestCRUD" name="test_g_get_nonexistent" time="0.101" /><testcase classname="backend.tests.test_learning_journeys.TestUserIsolation" name="test_isolation" time="0.101"><error message="failed on setup with &quot;AssertionError: Signup failed: 422 {&quot;detail&quot;:[{&quot;type&quot;:&quot;value_error&quot;,&quot;loc&quot;:[&quot;body&quot;,&quot;email&quot;],&quot;msg&quot;:&quot;value is not a valid email address: The part after the @-sign is a special-use or reserved name that cannot be used with email.&quot;,&quot;input&quot;:&quot;test_lj_87cc3b21@hymn.test&quot;,&quot;ctx&quot;:{&quot;reason&quot;:&quot;The part after the @-sign is a special-use or reserved name that cannot be used with email.&quot;}}]}&#10;assert 422 == 201&#10; +  where 422 = &lt;Response [422]&gt;.status_code&quot;">backend/tests/test_learning_journeys.py:33: in secondary_headers
    assert r.status_code == 201, f"Signup failed: {r.status_code} {r.text}"
E   AssertionError: Signup failed: 422 {"detail":[{"type":"value_error","loc":["body","email"],"msg":"value is not a valid email address: The part after the @-sign is a special-use or reserved name that cannot be used with email.","input":"test_lj_87cc3b21@hymn.test","ctx":{"reason":"The part after the @-sign is a special-use or reserved name that cannot be used with email."}}]}
E   assert 422 == 201
E    +  where 422 = &lt;Response [422]&gt;.status_code</error></testcase><testcase classname="backend.tests.test_learning_journeys.TestRegression" name="test_endpoint_ok[/auth/me]" time="0.135" /><testcase classname="backend.tests.test_learning_journeys.TestRegression" name="test_endpoint_ok[/goals]" time="0.113" /><testcase classname="backend.tests.test_learning_journeys.TestRegression" name="test_endpoint_ok[/projects]" time="0.115" /><testcase classname="backend.tests.test_learning_journeys.TestRegression" name="test_endpoint_ok[/tasks]" time="0.106" /><testcase classname="backend.tests.test_learning_journeys.TestRegression" name="test_endpoint_ok[/checkins]" time="0.103" /><testcase classname="backend.tests.test_learning_journeys.TestRegression" name="test_endpoint_ok[/domains]" time="0.127" /><testcase classname="backend.tests.test_learning_journeys.TestRegression" name="test_endpoint_ok[/outcome-types]" time="0.095"><failure message="AssertionError: /outcome-types -&gt; 404 {&quot;detail&quot;:&quot;Not Found&quot;}&#10;assert 404 == 200&#10; +  where 404 = &lt;Response [404]&gt;.status_code">backend/tests/test_learning_journeys.py:159: in test_endpoint_ok
    assert r.status_code == 200, f"{path} -&gt; {r.status_code} {r.text[:200]}"
E   AssertionError: /outcome-types -&gt; 404 {"detail":"Not Found"}
E   assert 404 == 200
E    +  where 404 = &lt;Response [404]&gt;.status_code</failure></testcase></testsuite></testsuites>