<?xml version="1.0" encoding="utf-8"?><testsuites name="pytest tests"><testsuite name="pytest" errors="0" failures="0" skipped="0" tests="11" time="6.038" timestamp="2026-07-14T13:38:28.083154+00:00" hostname="agent-env-9d234b50-8876-40d6-8e42-1ad93a14ba91"><testcase classname="backend.tests.test_life_project_checkin_task.TestScenario1_ProjectCheckinTaskMoneyNoComplete" name="test_201_task_stays_todo_and_updated_at_bumps_money_echoed" time="2.617" /><testcase classname="backend.tests.test_life_project_checkin_task.TestScenario2_ProjectCheckinCompleteTaskTrue" name="test_complete_task_true_flips_status_to_done" time="0.455" /><testcase classname="backend.tests.test_life_project_checkin_task.TestScenario3_ProjectCheckinTaskFromDifferentProject" name="test_400_when_task_belongs_to_different_project" time="0.148" /><testcase classname="backend.tests.test_life_project_checkin_task.TestScenario4_LifeCheckinTaskMoneyNoComplete" name="test_201_task_stays_todo_updated_at_bumps" time="0.436" /><testcase classname="backend.tests.test_life_project_checkin_task.TestScenario5_LifeCheckinCompleteTaskTrue" name="test_complete_task_true_flips_to_done" time="0.433" /><testcase classname="backend.tests.test_life_project_checkin_task.TestScenario6_LifeCheckinForeignUserTask" name="test_400_when_task_owned_by_another_user" time="0.155" /><testcase classname="backend.tests.test_life_project_checkin_task.TestScenario7_LifeCheckinMoneyWithoutCurrency" name="test_400_missing_currency" time="0.147" /><testcase classname="backend.tests.test_life_project_checkin_task.TestScenario8_SpendingIncludesLifeAndProject" name="test_spending_today_groups_by_currency_2dp" time="0.138" /><testcase classname="backend.tests.test_life_project_checkin_task.TestScenario9_MoneyPositionUSDActualSpending" name="test_actual_spending_reflects_usd_checkin" time="0.141" /><testcase classname="backend.tests.test_life_project_checkin_task.TestRegressionGoalCheckin" name="test_goal_checkin_task_link_still_validates_eo_scope" time="0.840" /><testcase classname="backend.tests.test_life_project_checkin_task.TestRegressionGoalCheckin" name="test_goal_checkin_money_still_works" time="0.452" /></testsuite></testsuites>