<?xml version="1.0" encoding="utf-8"?><testsuites name="pytest tests"><testsuite name="pytest" errors="0" failures="0" skipped="0" tests="23" time="4.332" timestamp="2026-07-08T10:55:03.219157+00:00" hostname="agent-env-9d234b50-8876-40d6-8e42-1ad93a14ba91"><testcase classname="backend.tests.test_phase2_core.TestOutcomeTypeRegistry" name="test_registry_shape" time="0.872" /><testcase classname="backend.tests.test_phase2_core.TestOutcomeTypeRegistry" name="test_weight_fields" time="0.098" /><testcase classname="backend.tests.test_phase2_core.TestEOOutcomeType" name="test_create_weight_eo" time="0.507" /><testcase classname="backend.tests.test_phase2_core.TestEOOutcomeType" name="test_invalid_outcome_type_rejected" time="0.092" /><testcase classname="backend.tests.test_phase2_core.TestEOOutcomeType" name="test_put_updates_outcome_type" time="0.231" /><testcase classname="backend.tests.test_phase2_core.TestContextualCheckin" name="test_weight_checkin_success" time="0.193" /><testcase classname="backend.tests.test_phase2_core.TestContextualCheckin" name="test_weight_missing_value_fails" time="0.135" /><testcase classname="backend.tests.test_phase2_core.TestContextualCheckin" name="test_study_requires_duration" time="0.225" /><testcase classname="backend.tests.test_phase2_core.TestContextualCheckin" name="test_study_success" time="0.149" /><testcase classname="backend.tests.test_phase2_core.TestContextualCheckin" name="test_generic_eo_empty_data_ok" time="0.204" /><testcase classname="backend.tests.test_phase2_core.TestCheckinSource" name="test_default_source_is_manual" time="0.092" /><testcase classname="backend.tests.test_phase2_core.TestCheckinSource" name="test_explicit_source_whatsapp" time="0.203" /><testcase classname="backend.tests.test_phase2_core.TestCheckinSource" name="test_invalid_source_rejected" time="0.092" /><testcase classname="backend.tests.test_phase2_core.TestCheckinSource" name="test_life_checkin_outcome_type_is_null" time="0.092" /><testcase classname="backend.tests.test_phase2_core.TestTaskAssignment" name="test_default_self" time="0.105" /><testcase classname="backend.tests.test_phase2_core.TestTaskAssignment" name="test_external_with_name" time="0.091" /><testcase classname="backend.tests.test_phase2_core.TestTaskAssignment" name="test_external_missing_contact" time="0.097" /><testcase classname="backend.tests.test_phase2_core.TestTaskAssignment" name="test_invalid_type" time="0.093" /><testcase classname="backend.tests.test_phase2_core.TestTaskAssignment" name="test_switch_back_to_self_clears_fields" time="0.193" /><testcase classname="backend.tests.test_phase2_core.TestFollowUpAssignment" name="test_followup_external" time="0.198" /><testcase classname="backend.tests.test_phase2_core.TestBackwardCompat" name="test_legacy_task_defaults" time="0.093" /><testcase classname="backend.tests.test_phase2_core.TestBackwardCompat" name="test_legacy_checkin_defaults" time="0.095" /><testcase classname="backend.tests.test_phase2_core.TestBackwardCompat" name="test_legacy_eo_defaults" time="0.096" /></testsuite></testsuites>