<?xml version="1.0" encoding="utf-8"?><testsuites name="pytest tests"><testsuite name="pytest" errors="0" failures="0" skipped="0" tests="31" time="26.836" timestamp="2026-08-09T10:38:39.377231+00:00" hostname="agent-env-9d234b50-8876-40d6-8e42-1ad93a14ba91"><testcase classname="backend.tests.test_planning_reform.TestAuth" name="test_login_returns_bearer_token" time="5.714" /><testcase classname="backend.tests.test_planning_reform.TestOldEndpointsRemoved" name="test_old_planning_endpoint_removed[/api/planning/analyze]" time="0.467" /><testcase classname="backend.tests.test_planning_reform.TestOldEndpointsRemoved" name="test_old_planning_endpoint_removed[/api/planning/confirm]" time="0.079" /><testcase classname="backend.tests.test_planning_reform.TestOldEndpointsRemoved" name="test_old_planning_endpoint_removed[/api/planning/generate]" time="0.121" /><testcase classname="backend.tests.test_planning_reform.TestOldEndpointsRemoved" name="test_old_planning_endpoint_removed[/api/planning/approve]" time="0.123" /><testcase classname="backend.tests.test_planning_reform.TestOldEndpointsRemoved" name="test_old_planning_endpoint_removed[/api/planning/reject]" time="0.126" /><testcase classname="backend.tests.test_planning_reform.TestOldEndpointsRemoved" name="test_old_planning_endpoint_removed[/api/planning/pause]" time="0.161" /><testcase classname="backend.tests.test_planning_reform.TestOldEndpointsRemoved" name="test_old_planning_endpoint_removed[/api/planning/select-tradeoff]" time="0.080" /><testcase classname="backend.tests.test_planning_reform.TestOldEndpointsRemoved" name="test_old_planning_endpoint_removed[/api/planning/reassess]" time="0.119" /><testcase classname="backend.tests.test_planning_reform.TestOldEndpointsRemoved" name="test_old_planning_endpoint_removed[/api/planning/proposals]" time="0.122" /><testcase classname="backend.tests.test_planning_reform.TestOldEndpointsRemoved" name="test_old_planning_endpoint_removed[/api/planning/proposals/some-id]" time="0.121" /><testcase classname="backend.tests.test_planning_reform.TestOldEndpointsRemoved" name="test_old_knowledge_endpoint_removed[/api/knowledge/journeys]" time="0.246" /><testcase classname="backend.tests.test_planning_reform.TestOldEndpointsRemoved" name="test_old_knowledge_endpoint_removed[/api/knowledge/stages]" time="0.169" /><testcase classname="backend.tests.test_planning_reform.TestOldEndpointsRemoved" name="test_old_knowledge_endpoint_removed[/api/knowledge/components]" time="0.183" /><testcase classname="backend.tests.test_planning_reform.TestGoalJourneyType" name="test_create_goal_with_journey_type" time="0.125" /><testcase classname="backend.tests.test_planning_reform.TestGoalJourneyType" name="test_update_goal_journey_type_persists" time="0.126" /><testcase classname="backend.tests.test_planning_reform.TestGoalJourneyType" name="test_zzz_cleanup_created_goal" time="0.081" /><testcase classname="backend.tests.test_planning_reform.TestConversationLifecycle" name="test_get_conversation_bad_target_type_400" time="0.090" /><testcase classname="backend.tests.test_planning_reform.TestConversationLifecycle" name="test_get_conversation_unknown_goal_404" time="0.043" /><testcase classname="backend.tests.test_planning_reform.TestConversationLifecycle" name="test_get_conversation_shape_and_idempotency" time="0.086" /><testcase classname="backend.tests.test_planning_reform.TestConversationLifecycle" name="test_reset_returns_fresh_empty" time="0.045" /><testcase classname="backend.tests.test_planning_reform.TestMessageAndMaterialize" name="test_post_message_produces_assistant_reply" time="6.198" /><testcase classname="backend.tests.test_planning_reform.TestMessageAndMaterialize" name="test_materialize_requires_proposal" time="11.174" /><testcase classname="backend.tests.test_planning_reform.TestMessageAndMaterialize" name="test_materialize_success_creates_outcomes_and_tasks" time="0.135" /><testcase classname="backend.tests.test_planning_reform.TestMessageAndMaterialize" name="test_materialize_idempotent_400_on_reapply" time="0.042" /><testcase classname="backend.tests.test_planning_reform.TestMessageAndMaterialize" name="test_materialize_missing_proposal_message_400" time="0.167" /><testcase classname="backend.tests.test_planning_reform.TestTaskCheckinFilters" name="test_create_project_task_and_checkin" time="0.217" /><testcase classname="backend.tests.test_planning_reform.TestTaskCheckinFilters" name="test_tasks_project_id_filter" time="0.042" /><testcase classname="backend.tests.test_planning_reform.TestTaskCheckinFilters" name="test_checkins_project_id_filter" time="0.082" /><testcase classname="backend.tests.test_planning_reform.TestTaskCheckinFilters" name="test_checkins_goal_id_filter_still_works" time="0.092" /><testcase classname="backend.tests.test_planning_reform.TestTaskCheckinFilters" name="test_zzz_cleanup" time="0.167" /></testsuite></testsuites>