<?xml version="1.0" encoding="utf-8"?><testsuites name="pytest tests"><testsuite name="pytest" errors="0" failures="0" skipped="0" tests="9" time="8.216" timestamp="2026-08-10T03:47:38.104552+00:00" hostname="agent-env-9d234b50-8876-40d6-8e42-1ad93a14ba91"><testcase classname="backend.tests.test_planning_write_access.TestExistingItemUpdatesExclusiveSafety" name="test_exclusive_goal_updates_are_rejected" time="1.404" /><testcase classname="backend.tests.test_planning_write_access.TestConsolidationExclusiveSafety" name="test_exclusive_survives_and_non_exclusive_consolidated" time="0.977" /><testcase classname="backend.tests.test_planning_write_access.TestConsolidationExclusiveSafety" name="test_only_one_non_exclusive_left_is_silent_skip" time="0.740" /><testcase classname="backend.tests.test_planning_write_access.TestWeekdayRecurrence" name="test_mon_wed_fri_two_weeks_exactly_six" time="1.218" /><testcase classname="backend.tests.test_planning_write_access.TestWeekdayRecurrence" name="test_empty_dow_means_every_day" time="0.428" /><testcase classname="backend.tests.test_planning_write_access.TestWeekdayRecurrence" name="test_life_recurrence_needs_no_anchor" time="0.461" /><testcase classname="backend.tests.test_planning_write_access.TestBadlyFormedSilentSkip" name="test_no_500_all_buckets_empty" time="0.525" /><testcase classname="backend.tests.test_planning_write_access.TestCurrentTargetProtected" name="test_current_target_survives_consolidation" time="0.640" /><testcase classname="backend.tests.test_planning_write_access.TestMaterializeIdempotencyAndConsolidation" name="test_reparent_correctness_and_losers_404" time="1.746" /></testsuite></testsuites>