<?xml version="1.0" encoding="utf-8"?><testsuites name="pytest tests"><testsuite name="pytest" errors="0" failures="0" skipped="0" tests="53" time="8.528" timestamp="2026-07-13T11:36:09.061052+00:00" hostname="agent-env-9d234b50-8876-40d6-8e42-1ad93a14ba91"><testcase classname="tests.test_portfolio_live.TestTimeCommitments" name="test_create_ok_and_persisted" time="0.970" /><testcase classname="tests.test_portfolio_live.TestTimeCommitments" name="test_reject_end_le_start" time="0.119" /><testcase classname="tests.test_portfolio_live.TestTimeCommitments" name="test_reject_cross_midnight" time="0.107" /><testcase classname="tests.test_portfolio_live.TestTimeCommitments" name="test_reject_bad_day_of_week" time="0.101" /><testcase classname="tests.test_portfolio_live.TestTimeCommitments" name="test_reject_bad_commitment_type" time="0.090" /><testcase classname="tests.test_portfolio_live.TestTimeCommitments" name="test_reject_bad_flexibility" time="0.093" /><testcase classname="tests.test_portfolio_live.TestTimeCommitments" name="test_reject_effective_until_before_from" time="0.099" /><testcase classname="tests.test_portfolio_live.TestTimeCommitments" name="test_bad_time_format" time="0.092" /><testcase classname="tests.test_portfolio_live.TestTimeCommitments" name="test_update_and_delete" time="0.378" /><testcase classname="tests.test_portfolio_live.TestFinancialAccounts" name="test_create_asset_ok" time="0.095" /><testcase classname="tests.test_portfolio_live.TestFinancialAccounts" name="test_create_liability_positive_value" time="0.091" /><testcase classname="tests.test_portfolio_live.TestFinancialAccounts" name="test_reject_negative_value" time="0.096" /><testcase classname="tests.test_portfolio_live.TestFinancialAccounts" name="test_reject_bad_currency" time="0.103" /><testcase classname="tests.test_portfolio_live.TestFinancialAccounts" name="test_reject_bad_account_type" time="0.093" /><testcase classname="tests.test_portfolio_live.TestFinancialAccounts" name="test_reject_bad_liquidity" time="0.092" /><testcase classname="tests.test_portfolio_live.TestFinancialAccounts" name="test_update_and_delete" time="0.271" /><testcase classname="tests.test_portfolio_live.TestMonthlyMoneyCommitments" name="test_create_income" time="0.097" /><testcase classname="tests.test_portfolio_live.TestMonthlyMoneyCommitments" name="test_create_expense_fixed" time="0.092" /><testcase classname="tests.test_portfolio_live.TestMonthlyMoneyCommitments" name="test_create_expense_flexible" time="0.088" /><testcase classname="tests.test_portfolio_live.TestMonthlyMoneyCommitments" name="test_reject_negative_amount" time="0.098" /><testcase classname="tests.test_portfolio_live.TestMonthlyMoneyCommitments" name="test_reject_bad_month" time="0.104" /><testcase classname="tests.test_portfolio_live.TestMonthlyMoneyCommitments" name="test_reject_end_before_start" time="0.094" /><testcase classname="tests.test_portfolio_live.TestMonthlyMoneyCommitments" name="test_reject_bad_type" time="0.094" /><testcase classname="tests.test_portfolio_live.TestMonthlyMoneyCommitments" name="test_update_and_delete" time="0.281" /><testcase classname="tests.test_portfolio_live.TestResourceAllocations" name="test_time_recurring_ok" time="0.093" /><testcase classname="tests.test_portfolio_live.TestResourceAllocations" name="test_time_recurring_forbids_date" time="0.123" /><testcase classname="tests.test_portfolio_live.TestResourceAllocations" name="test_time_one_time_ok" time="0.094" /><testcase classname="tests.test_portfolio_live.TestResourceAllocations" name="test_time_one_time_forbids_day_of_week" time="0.097" /><testcase classname="tests.test_portfolio_live.TestResourceAllocations" name="test_time_quantity_must_match_duration" time="0.095" /><testcase classname="tests.test_portfolio_live.TestResourceAllocations" name="test_time_currency_forbidden" time="0.089" /><testcase classname="tests.test_portfolio_live.TestResourceAllocations" name="test_money_one_time_ok" time="0.088" /><testcase classname="tests.test_portfolio_live.TestResourceAllocations" name="test_money_requires_currency" time="0.091" /><testcase classname="tests.test_portfolio_live.TestResourceAllocations" name="test_money_forbids_times" time="0.093" /><testcase classname="tests.test_portfolio_live.TestResourceAllocations" name="test_money_negative_quantity_rejected" time="0.090" /><testcase classname="tests.test_portfolio_live.TestResourceAllocations" name="test_owner_type_goal_rejected" time="0.096" /><testcase classname="tests.test_portfolio_live.TestResourceAllocations" name="test_owner_type_accepted_set" time="0.296" /><testcase classname="tests.test_portfolio_live.TestResourceAllocations" name="test_standalone_forbids_owner_id" time="0.090" /><testcase classname="tests.test_portfolio_live.TestResourceAllocations" name="test_non_standalone_requires_owner_id" time="0.087" /><testcase classname="tests.test_portfolio_live.TestResourceAllocations" name="test_update_delete_allocation" time="0.283" /><testcase classname="tests.test_portfolio_live.TestDerivedCapacity" name="test_daily_capacity_union_of_overlapping" time="0.270" /><testcase classname="tests.test_portfolio_live.TestDerivedCapacity" name="test_daily_capacity_bad_date" time="0.092" /><testcase classname="tests.test_portfolio_live.TestDerivedCapacity" name="test_weekly_capacity_requires_monday" time="0.096" /><testcase classname="tests.test_portfolio_live.TestDerivedCapacity" name="test_weekly_capacity_ok" time="0.099" /><testcase classname="tests.test_portfolio_live.TestDerivedCapacity" name="test_money_position_math" time="0.095" /><testcase classname="tests.test_portfolio_live.TestDerivedCapacity" name="test_money_position_empty_currency" time="0.098" /><testcase classname="tests.test_portfolio_live.TestDerivedCapacity" name="test_money_position_bad_month_and_currency" time="0.188" /><testcase classname="tests.test_portfolio_live.TestUserIsolation" name="test_isolation_all_collections" time="1.091" /><testcase classname="tests.test_portfolio_live.TestUserIsolation" name="test_auth_required" time="0.097" /><testcase classname="tests.test_portfolio_live.TestExistingSurfaceRegression" name="test_auth_me" time="0.088" /><testcase classname="tests.test_portfolio_live.TestExistingSurfaceRegression" name="test_list_domains" time="0.093" /><testcase classname="tests.test_portfolio_live.TestExistingSurfaceRegression" name="test_list_goals_tasks_checkins" time="0.276" /><testcase classname="tests.test_portfolio_live.TestExistingSurfaceRegression" name="test_knowledge_journey_create" time="0.098" /><testcase classname="tests.test_portfolio_live.TestExistingSurfaceRegression" name="test_list_knowledge_journeys" time="0.096" /></testsuite></testsuites>