<?xml version="1.0" encoding="utf-8"?><testsuites name="pytest tests"><testsuite name="pytest" errors="0" failures="0" skipped="0" tests="66" time="16.837" timestamp="2026-07-13T16:03:44.161858+00:00" hostname="agent-env-9d234b50-8876-40d6-8e42-1ad93a14ba91"><testcase classname="backend.tests.test_portfolio_live.TestTimeCommitments" name="test_create_ok_and_persisted" time="1.330" /><testcase classname="backend.tests.test_portfolio_live.TestTimeCommitments" name="test_reject_end_le_start" time="0.107" /><testcase classname="backend.tests.test_portfolio_live.TestTimeCommitments" name="test_reject_cross_midnight" time="0.128" /><testcase classname="backend.tests.test_portfolio_live.TestTimeCommitments" name="test_reject_bad_day_of_week" time="0.126" /><testcase classname="backend.tests.test_portfolio_live.TestTimeCommitments" name="test_reject_bad_commitment_type" time="0.122" /><testcase classname="backend.tests.test_portfolio_live.TestTimeCommitments" name="test_reject_bad_flexibility" time="0.098" /><testcase classname="backend.tests.test_portfolio_live.TestTimeCommitments" name="test_reject_effective_until_before_from" time="0.093" /><testcase classname="backend.tests.test_portfolio_live.TestTimeCommitments" name="test_bad_time_format" time="0.147" /><testcase classname="backend.tests.test_portfolio_live.TestTimeCommitments" name="test_update_and_delete" time="0.428" /><testcase classname="backend.tests.test_portfolio_live.TestFinancialAccounts" name="test_create_asset_ok" time="0.112" /><testcase classname="backend.tests.test_portfolio_live.TestFinancialAccounts" name="test_create_liability_positive_value" time="0.104" /><testcase classname="backend.tests.test_portfolio_live.TestFinancialAccounts" name="test_reject_negative_value" time="0.132" /><testcase classname="backend.tests.test_portfolio_live.TestFinancialAccounts" name="test_reject_bad_currency" time="0.102" /><testcase classname="backend.tests.test_portfolio_live.TestFinancialAccounts" name="test_reject_bad_account_type" time="0.110" /><testcase classname="backend.tests.test_portfolio_live.TestFinancialAccounts" name="test_reject_bad_liquidity" time="0.111" /><testcase classname="backend.tests.test_portfolio_live.TestFinancialAccounts" name="test_update_and_delete" time="0.341" /><testcase classname="backend.tests.test_portfolio_live.TestMonthlyMoneyCommitments" name="test_create_income" time="0.099" /><testcase classname="backend.tests.test_portfolio_live.TestMonthlyMoneyCommitments" name="test_create_expense_fixed" time="0.150" /><testcase classname="backend.tests.test_portfolio_live.TestMonthlyMoneyCommitments" name="test_create_expense_flexible" time="0.118" /><testcase classname="backend.tests.test_portfolio_live.TestMonthlyMoneyCommitments" name="test_reject_negative_amount" time="0.139" /><testcase classname="backend.tests.test_portfolio_live.TestMonthlyMoneyCommitments" name="test_reject_bad_month" time="0.115" /><testcase classname="backend.tests.test_portfolio_live.TestMonthlyMoneyCommitments" name="test_reject_end_before_start" time="0.110" /><testcase classname="backend.tests.test_portfolio_live.TestMonthlyMoneyCommitments" name="test_reject_bad_type" time="0.289" /><testcase classname="backend.tests.test_portfolio_live.TestMonthlyMoneyCommitments" name="test_update_and_delete" time="0.332" /><testcase classname="backend.tests.test_portfolio_live.TestResourceAllocations" name="test_time_recurring_ok" time="0.106" /><testcase classname="backend.tests.test_portfolio_live.TestResourceAllocations" name="test_time_recurring_forbids_date" time="0.123" /><testcase classname="backend.tests.test_portfolio_live.TestResourceAllocations" name="test_time_one_time_ok" time="0.124" /><testcase classname="backend.tests.test_portfolio_live.TestResourceAllocations" name="test_time_one_time_forbids_day_of_week" time="0.493" /><testcase classname="backend.tests.test_portfolio_live.TestResourceAllocations" name="test_time_quantity_must_match_duration" time="0.144" /><testcase classname="backend.tests.test_portfolio_live.TestResourceAllocations" name="test_time_currency_forbidden" time="0.142" /><testcase classname="backend.tests.test_portfolio_live.TestResourceAllocations" name="test_money_one_time_ok" time="0.113" /><testcase classname="backend.tests.test_portfolio_live.TestResourceAllocations" name="test_money_requires_currency" time="0.120" /><testcase classname="backend.tests.test_portfolio_live.TestResourceAllocations" name="test_money_forbids_times" time="0.098" /><testcase classname="backend.tests.test_portfolio_live.TestResourceAllocations" name="test_money_negative_quantity_rejected" time="0.163" /><testcase classname="backend.tests.test_portfolio_live.TestResourceAllocations" name="test_owner_type_goal_rejected" time="0.117" /><testcase classname="backend.tests.test_portfolio_live.TestResourceAllocations" name="test_owner_type_accepted_set" time="0.324" /><testcase classname="backend.tests.test_portfolio_live.TestResourceAllocations" name="test_standalone_forbids_owner_id" time="0.097" /><testcase classname="backend.tests.test_portfolio_live.TestResourceAllocations" name="test_non_standalone_requires_owner_id" time="0.175" /><testcase classname="backend.tests.test_portfolio_live.TestResourceAllocations" name="test_update_delete_allocation" time="0.368" /><testcase classname="backend.tests.test_portfolio_live.TestDerivedCapacity" name="test_daily_capacity_union_of_overlapping" time="0.420" /><testcase classname="backend.tests.test_portfolio_live.TestDerivedCapacity" name="test_daily_capacity_bad_date" time="0.100" /><testcase classname="backend.tests.test_portfolio_live.TestDerivedCapacity" name="test_weekly_capacity_requires_monday" time="0.104" /><testcase classname="backend.tests.test_portfolio_live.TestDerivedCapacity" name="test_weekly_capacity_ok" time="0.122" /><testcase classname="backend.tests.test_portfolio_live.TestDerivedCapacity" name="test_money_position_math" time="0.118" /><testcase classname="backend.tests.test_portfolio_live.TestDerivedCapacity" name="test_money_position_empty_currency" time="0.096" /><testcase classname="backend.tests.test_portfolio_live.TestDerivedCapacity" name="test_money_position_bad_month_and_currency" time="0.309" /><testcase classname="backend.tests.test_portfolio_live.TestUserIsolation" name="test_isolation_all_collections" time="1.716" /><testcase classname="backend.tests.test_portfolio_live.TestUserIsolation" name="test_auth_required" time="0.110" /><testcase classname="backend.tests.test_portfolio_live.TestAllocationOwnerIntegrity" name="test_valid_task_owner" time="0.113" /><testcase classname="backend.tests.test_portfolio_live.TestAllocationOwnerIntegrity" name="test_nonexistent_owner_rejected" time="0.319" /><testcase classname="backend.tests.test_portfolio_live.TestAllocationOwnerIntegrity" name="test_foreign_user_owner_rejected" time="0.337" /><testcase classname="backend.tests.test_portfolio_live.TestAllocationOwnerIntegrity" name="test_standalone_with_null_owner_id_accepted" time="0.112" /><testcase classname="backend.tests.test_portfolio_live.TestAllocationOwnerIntegrity" name="test_standalone_with_non_null_owner_id_rejected" time="0.102" /><testcase classname="backend.tests.test_portfolio_live.TestMoneyDecimalStorage" name="test_account_string_precision" time="0.134" /><testcase classname="backend.tests.test_portfolio_live.TestMoneyDecimalStorage" name="test_account_reject_nan_and_infinity" time="0.499" /><testcase classname="backend.tests.test_portfolio_live.TestMoneyDecimalStorage" name="test_commitment_string_precision" time="0.105" /><testcase classname="backend.tests.test_portfolio_live.TestMoneyDecimalStorage" name="test_money_allocation_string_precision" time="0.155" /><testcase classname="backend.tests.test_portfolio_live.TestMoneyDecimalStorage" name="test_money_allocation_reject_nan" time="0.101" /><testcase classname="backend.tests.test_portfolio_live.TestMoneyPositionIteration1A" name="test_exact_scenario" time="1.816" /><testcase classname="backend.tests.test_portfolio_live.TestMoneyPositionIteration1A" name="test_empty_currency_returns_zeros" time="0.655" /><testcase classname="backend.tests.test_portfolio_live.TestAllocationUpdateOwnerIntegrity" name="test_put_reject_nonexistent_and_foreign" time="0.479" /><testcase classname="backend.tests.test_portfolio_live.TestExistingSurfaceRegression" name="test_auth_me" time="0.126" /><testcase classname="backend.tests.test_portfolio_live.TestExistingSurfaceRegression" name="test_list_domains" time="0.116" /><testcase classname="backend.tests.test_portfolio_live.TestExistingSurfaceRegression" name="test_list_goals_tasks_checkins" time="0.473" /><testcase classname="backend.tests.test_portfolio_live.TestExistingSurfaceRegression" name="test_knowledge_journey_create" time="0.194" /><testcase classname="backend.tests.test_portfolio_live.TestExistingSurfaceRegression" name="test_list_knowledge_journeys" time="0.113" /></testsuite></testsuites>