<?xml version="1.0" encoding="utf-8"?><testsuites name="pytest tests"><testsuite name="pytest" errors="0" failures="0" skipped="0" tests="15" time="20.666" timestamp="2026-08-09T13:27:34.969871+00:00" hostname="agent-env-9d234b50-8876-40d6-8e42-1ad93a14ba91"><testcase classname="tests.test_portfolio_aware_planning.TestGoalCommitmentType" name="test_default_is_postponable" time="0.751" /><testcase classname="tests.test_portfolio_aware_planning.TestGoalCommitmentType" name="test_create_with_exclusive_persists" time="0.205" /><testcase classname="tests.test_portfolio_aware_planning.TestGoalCommitmentType" name="test_put_exclusive_ok" time="0.213" /><testcase classname="tests.test_portfolio_aware_planning.TestGoalCommitmentType" name="test_put_garbage_400" time="0.192" /><testcase classname="tests.test_portfolio_aware_planning.TestProjectCommitmentType" name="test_default" time="0.093" /><testcase classname="tests.test_portfolio_aware_planning.TestProjectCommitmentType" name="test_create_exclusive" time="0.188" /><testcase classname="tests.test_portfolio_aware_planning.TestProjectCommitmentType" name="test_put_ok_and_bad" time="0.345" /><testcase classname="tests.test_portfolio_aware_planning.TestTaskCommitmentType" name="test_default" time="0.112" /><testcase classname="tests.test_portfolio_aware_planning.TestTaskCommitmentType" name="test_create_exclusive" time="0.093" /><testcase classname="tests.test_portfolio_aware_planning.TestTaskCommitmentType" name="test_put_ok_and_bad" time="0.272" /><testcase classname="tests.test_portfolio_aware_planning.TestPlanningLifePattern" name="test_get_conversation_empty" time="0.187" /><testcase classname="tests.test_portfolio_aware_planning.TestPlanningLifePattern" name="test_post_life_pattern_message" time="16.690" /><testcase classname="tests.test_portfolio_aware_planning.TestMaterializeInjected" name="test_materialize_time_commitments_and_idempotency" time="0.490" /><testcase classname="tests.test_portfolio_aware_planning.TestExclusiveSafety" name="test_exclusive_goal_not_modified" time="0.388" /><testcase classname="tests.test_portfolio_aware_planning.TestPostponablePostpone" name="test_postponable_goal_gets_postponed" time="0.392" /></testsuite></testsuites>