<?xml version="1.0" encoding="utf-8"?><testsuites name="pytest tests"><testsuite name="pytest" errors="0" failures="0" skipped="0" tests="6" time="3.675" timestamp="2026-07-15T19:28:41.032524+00:00" hostname="agent-env-9d234b50-8876-40d6-8e42-1ad93a14ba91"><testcase classname="backend.tests.test_portfolio_wizard_fixes" name="test_end_time_24_00_accepted" time="0.694" /><testcase classname="backend.tests.test_portfolio_wizard_fixes" name="test_end_before_or_equal_start_rejected[10:00-09:00]" time="0.118" /><testcase classname="backend.tests.test_portfolio_wizard_fixes" name="test_end_before_or_equal_start_rejected[10:00-10:00]" time="0.141" /><testcase classname="backend.tests.test_portfolio_wizard_fixes" name="test_end_before_or_equal_start_rejected[23:30-06:30]" time="0.114" /><testcase classname="backend.tests.test_portfolio_wizard_fixes" name="test_weekly_capacity_reflects_new_block" time="1.808" /><testcase classname="backend.tests.test_portfolio_wizard_fixes" name="test_cross_midnight_split_persists_both_halves" time="0.741" /></testsuite></testsuites>