<?xml version="1.0" encoding="utf-8"?><testsuites name="pytest tests"><testsuite name="pytest" errors="0" failures="0" skipped="0" tests="34" time="13.662" timestamp="2026-07-08T10:22:04.194166+00:00" hostname="agent-env-9d234b50-8876-40d6-8e42-1ad93a14ba91"><testcase classname="tests.test_projects_eo_tasks_checkins.TestEventsRemoved" name="test_get_events_404" time="0.833" /><testcase classname="tests.test_projects_eo_tasks_checkins.TestEventsRemoved" name="test_post_events_404_or_405" time="0.134" /><testcase classname="tests.test_projects_eo_tasks_checkins.TestProjects" name="test_create_and_get" time="0.237" /><testcase classname="tests.test_projects_eo_tasks_checkins.TestProjects" name="test_create_invalid_status_400" time="0.131" /><testcase classname="tests.test_projects_eo_tasks_checkins.TestProjects" name="test_list_only_own" time="0.778" /><testcase classname="tests.test_projects_eo_tasks_checkins.TestProjects" name="test_cross_user_get_returns_404" time="0.461" /><testcase classname="tests.test_projects_eo_tasks_checkins.TestProjects" name="test_update_and_delete" time="0.497" /><testcase classname="tests.test_projects_eo_tasks_checkins.TestExpectedOutcomes" name="test_create_valid" time="0.430" /><testcase classname="tests.test_projects_eo_tasks_checkins.TestExpectedOutcomes" name="test_create_missing_goal_400" time="0.092" /><testcase classname="tests.test_projects_eo_tasks_checkins.TestExpectedOutcomes" name="test_create_invalid_status_400" time="0.319" /><testcase classname="tests.test_projects_eo_tasks_checkins.TestExpectedOutcomes" name="test_list_scoped_to_owner" time="0.401" /><testcase classname="tests.test_projects_eo_tasks_checkins.TestExpectedOutcomes" name="test_put_delete_and_invalid_status_400" time="0.694" /><testcase classname="tests.test_projects_eo_tasks_checkins.TestExpectedOutcomes" name="test_max_7_per_goal" time="1.047" /><testcase classname="tests.test_projects_eo_tasks_checkins.TestGoalStatsAndCascade" name="test_stats_and_completion" time="0.812" /><testcase classname="tests.test_projects_eo_tasks_checkins.TestGoalStatsAndCascade" name="test_delete_goal_cascades_expected_outcomes" time="0.494" /><testcase classname="tests.test_projects_eo_tasks_checkins.TestTasks" name="test_standalone_create" time="0.093" /><testcase classname="tests.test_projects_eo_tasks_checkins.TestTasks" name="test_expected_outcome_task_requires_eo" time="0.198" /><testcase classname="tests.test_projects_eo_tasks_checkins.TestTasks" name="test_expected_outcome_task_valid" time="0.383" /><testcase classname="tests.test_projects_eo_tasks_checkins.TestTasks" name="test_project_task_requires_project" time="0.222" /><testcase classname="tests.test_projects_eo_tasks_checkins.TestTasks" name="test_project_task_valid" time="0.189" /><testcase classname="tests.test_projects_eo_tasks_checkins.TestTasks" name="test_invalid_status_priority_origin_400" time="0.285" /><testcase classname="tests.test_projects_eo_tasks_checkins.TestTasks" name="test_status_transitions" time="0.290" /><testcase classname="tests.test_projects_eo_tasks_checkins.TestTasks" name="test_cross_user_isolation" time="0.382" /><testcase classname="tests.test_projects_eo_tasks_checkins.TestCheckins" name="test_life_checkin" time="0.094" /><testcase classname="tests.test_projects_eo_tasks_checkins.TestCheckins" name="test_invalid_type_400" time="0.091" /><testcase classname="tests.test_projects_eo_tasks_checkins.TestCheckins" name="test_goal_checkin_requires_eo" time="0.190" /><testcase classname="tests.test_projects_eo_tasks_checkins.TestCheckins" name="test_goal_checkin_valid_returns_goal_id" time="0.431" /><testcase classname="tests.test_projects_eo_tasks_checkins.TestCheckins" name="test_project_checkin_requires_project" time="0.198" /><testcase classname="tests.test_projects_eo_tasks_checkins.TestCheckins" name="test_project_checkin_task_must_belong_to_project" time="0.378" /><testcase classname="tests.test_projects_eo_tasks_checkins.TestCheckins" name="test_list_get_put_delete_isolation" time="0.754" /><testcase classname="tests.test_projects_eo_tasks_checkins.TestFollowUpTasks" name="test_life_followup_standalone" time="0.191" /><testcase classname="tests.test_projects_eo_tasks_checkins.TestFollowUpTasks" name="test_project_followup" time="0.279" /><testcase classname="tests.test_projects_eo_tasks_checkins.TestFollowUpTasks" name="test_goal_followup" time="0.509" /><testcase classname="tests.test_projects_eo_tasks_checkins.TestPersistence" name="test_records_persist_via_list" time="1.081" /></testsuite></testsuites>