<?xml version="1.0" encoding="utf-8"?><testsuites name="pytest tests"><testsuite name="pytest" errors="0" failures="0" skipped="0" tests="2" time="1.236" timestamp="2026-08-17T20:14:27.405889+00:00" hostname="agent-env-9d234b50-8876-40d6-8e42-1ad93a14ba91"><testcase classname="tests.test_recurrence.TestGenerateEndpoint" name="test_generate_three_and_idempotency" time="0.824" /><testcase classname="tests.test_recurrence.TestInvalidRecurrence" name="test_invalid_recurrence[rec0-missing cadence]" time="0.359" /></testsuite></testsuites>