<?xml version="1.0" encoding="utf-8"?><testsuites name="pytest tests"><testsuite name="pytest" errors="0" failures="2" skipped="0" tests="17" time="7.088" timestamp="2026-08-17T20:11:45.151215+00:00" hostname="agent-env-9d234b50-8876-40d6-8e42-1ad93a14ba91"><testcase classname="backend.tests.test_recurrence.TestRecurrenceCreation" name="test_create_task_with_weekly_count_recurrence" time="0.773" /><testcase classname="backend.tests.test_recurrence.TestAutoSpawnOnCompletion" name="test_completing_recurring_task_spawns_next" time="0.195" /><testcase classname="backend.tests.test_recurrence.TestPreGenerate" name="test_alternate_day_pre_generate_three" time="0.169" /><testcase classname="backend.tests.test_recurrence.TestSetClearRecurrence" name="test_set_then_clear_recurrence" time="0.224" /><testcase classname="backend.tests.test_recurrence.TestGenerateEndpoint" name="test_generate_three_and_idempotency" time="0.234"><failure message="AssertionError: idempotency broken: overlapping due_dates {'2026-09-08', '2026-09-15', '2026-09-22'} (second=['2026-09-08', '2026-09-15', '2026-09-22'])&#10;assert not {'2026-09-08', '2026-09-15', '2026-09-22'}">backend/tests/test_recurrence.py:236: in test_generate_three_and_idempotency
    assert not overlap, f"idempotency broken: overlapping due_dates {overlap} (second={second_due_dates})"
E   AssertionError: idempotency broken: overlapping due_dates {'2026-09-08', '2026-09-15', '2026-09-22'} (second=['2026-09-08', '2026-09-15', '2026-09-22'])
E   assert not {'2026-09-08', '2026-09-15', '2026-09-22'}</failure></testcase><testcase classname="backend.tests.test_recurrence.TestEndUntil" name="test_monthly_until_end" time="0.703" /><testcase classname="backend.tests.test_recurrence.TestEndCountOne" name="test_count_one_no_followup" time="0.254" /><testcase classname="backend.tests.test_recurrence.TestGoalExtendedCadences" name="test_quarterly_accepted" time="0.177" /><testcase classname="backend.tests.test_recurrence.TestGoalExtendedCadences" name="test_fortnightly_accepted" time="0.087" /><testcase classname="backend.tests.test_recurrence.TestGoalExtendedCadences" name="test_bogus_rejected" time="0.087" /><testcase classname="backend.tests.test_recurrence.TestRequiredCheckinAlternateDay" name="test_alternate_day_period_membership" time="0.761" /><testcase classname="backend.tests.test_recurrence.TestLegacyDaily" name="test_daily_goal_shows_as_required_today" time="0.156" /><testcase classname="backend.tests.test_recurrence.TestInvalidRecurrence" name="test_invalid_recurrence[rec0-missing cadence]" time="0.073"><failure message="AssertionError: [missing cadence] expected 400, got 422: {&quot;detail&quot;:[{&quot;type&quot;:&quot;missing&quot;,&quot;loc&quot;:[&quot;body&quot;,&quot;recurrence&quot;,&quot;cadence&quot;],&quot;msg&quot;:&quot;Field required&quot;,&quot;input&quot;:{&quot;anchor_date&quot;:&quot;2026-06-15&quot;,&quot;end_type&quot;:&quot;never&quot;},&quot;url&quot;:&quot;https://errors.pydantic.dev/2.13/v/missing&quot;}]}&#10;assert 422 == 400&#10; +  where 422 = &lt;Response [422]&gt;.status_code">backend/tests/test_recurrence.py:465: in test_invalid_recurrence
    assert r.status_code == 400, f"[{label}] expected 400, got {r.status_code}: {r.text}"
E   AssertionError: [missing cadence] expected 400, got 422: {"detail":[{"type":"missing","loc":["body","recurrence","cadence"],"msg":"Field required","input":{"anchor_date":"2026-06-15","end_type":"never"},"url":"https://errors.pydantic.dev/2.13/v/missing"}]}
E   assert 422 == 400
E    +  where 422 = &lt;Response [422]&gt;.status_code</failure></testcase><testcase classname="backend.tests.test_recurrence.TestInvalidRecurrence" name="test_invalid_recurrence[rec1-unknown cadence]" time="0.085" /><testcase classname="backend.tests.test_recurrence.TestInvalidRecurrence" name="test_invalid_recurrence[rec2-until without end_date]" time="0.098" /><testcase classname="backend.tests.test_recurrence.TestInvalidRecurrence" name="test_invalid_recurrence[rec3-count with 0]" time="0.093" /><testcase classname="backend.tests.test_recurrence.TestInvalidRecurrence" name="test_invalid_recurrence[rec4-end_date &lt; anchor]" time="2.732" /></testsuite></testsuites>